AutoECO Report
FILE-A: C:\USERS\CHUNG\DESKTOP\DO AN\MO PHONG\SWEEP3.MAX
FILE-B: C:\USERS\CHUNG\DESKTOP\DO AN\MO PHONG\SWEEP3.MAX
If "*EOF*" immediately follows, no changes were made
Net GND renamed to VCC_12V
Deleting C10.2 from net VCC_12V
Deleting D33.1 from net VCC_12V
Deleting R13.2 from net VCC_12V
Deleting C9.2 from net VCC_12V
Deleting R5.2 from net VCC_12V
Deleting R21.2 from net VCC_12V
Deleting R23.2 from net VCC_12V
Deleting J8.1 from net VCC_12V
Deleting U3.2 from net VCC_12V
Deleting U4.8 from net VCC_12V
Deleting U4.6 from net VCC_12V
Deleting U4.7 from net VCC_12V
Deleting U5.6 from net VCC_12V
Deleting Q6.3 from net VCC_12V
Deleting U5.8 from net VCC_12V
Deleting R16.2 from net VCC_12V
Deleting U5.7 from net VCC_12V
Deleting R14.2 from net VCC_12V
Deleting C8.2 from net VCC_12V
Deleting C7.2 from net VCC_12V
Deleting R15.2 from net VCC_12V
Deleting J2.5 from net VCC_12V
Deleting R20.2 from net VCC_12V
Deleting Q4.3 from net VCC_12V
Deleting D32.2 from net VCC_12V
Deleting Q3.3 from net VCC_12V
Deleting Q5.3 from net VCC_12V
Deleting R22.2 from net VCC_12V
Adding D10.2 to net VCC_12V
Adding D11.2 to net VCC_12V
Adding LS4.1 to net VCC_12V
Adding LS1.1 to net VCC_12V
Adding C7.1 to net VCC_12V
Adding U3.1 to net VCC_12V
Adding J8.2 to net VCC_12V
Adding LS3.1 to net VCC_12V
Adding D8.2 to net VCC_12V
Adding D9.2 to net VCC_12V
Adding LS2.1 to net VCC_12V
Adding D33.2 to net VCC_12V
Adding C9.1 to net VCC_12V
Adding C10.2 to net GND
Adding D33.1 to net GND
Adding R13.2 to net GND
Adding C9.2 to net GND
Adding R5.2 to net GND
Adding R21.2 to net GND
Adding R23.2 to net GND
Adding J8.1 to net GND
Adding U3.2 to net GND
Adding U4.8 to net GND
Adding U4.6 to net GND
Adding U4.7 to net GND
Adding U5.6 to net GND
Adding Q6.3 to net GND
Adding U5.8 to net GND
Adding R16.2 to net GND
Adding U5.7 to net GND
Adding R14.2 to net GND
Adding C8.2 to net GND
Adding C7.2 to net GND
Adding R15.2 to net GND
Adding J2.5 to net GND
Adding R20.2 to net GND
Adding Q4.3 to net GND
Adding D32.2 to net GND
Adding Q3.3 to net GND
Adding Q5.3 to net GND
Adding R22.2 to net GND
Adding D12.1 to net IN1
Adding Q7.3 to net IN1
*EOF*
No errors found
